task with dependencies
10892302: 935027613 2605491215 1685097587
task with dependencies
1374073498 "39U55PKVI12QDQRMT6ZV" 27 [0 CRITICAL]
2310506181 "7ZXTMKE77P1NIIX65R2X" 35 [27 CRITICAL] 1374073498
2171490227 "SRKVLHNFA3VBD8Z0BL1M" 35 [62 CRITICAL] 1374073498 2310506181
3742618552 "BKB9UWRO4VCKXV78WZR3" 6 [97 CRITICAL] 3948125241 2171490227
1305786416 "436GLU0E19Q6EOLO82T8" 21 [103 CRITICAL] 3742618552 1374073498 2171490227 2310506181
3198320411 "0MPZC8UNFXHINJTRNOK5" 27 [124 CRITICAL] 2470940192 2310506181 1305786416 2171490227 3742618552 1374073498
131328008 "W94CRKRG51SGSJQHQ6N4" 40 [151 CRITICAL] 2470940192 1305786416 2171490227 3948125241 1374073498 3198320411
2373203549 "I8ATL3CPG351G9X5NMWR" 40 [151 CRITICAL] 2310506181 626068782 1305786416 3742618552 3948125241 3198320411
3917089754 "9584RSNIHGRD4CMF2UPG" 20 [191 CRITICAL] 3067943296 2205432356 2310506181 131328008 2912407691 1374073498 3198320411 2373203549
3331382669 "C4WVN1SAJW1QAVUDYPA8" 35 [211 CRITICAL] 3917089754
3545763005 "DYW8SCLIN51KBI6JBDFJ" 36 [246 CRITICAL] 2205432356 2310506181 3331382669 1305786416 2171490227 2534584278
3044411240 "V5XUJQKUPE7J2SSMSH3Q" 18 [282 CRITICAL] 3948125241 3421478959 4035138313 3545763005 4068652349
555814218 "1IZEK69DY84NETKYTN59" 21 [300 CRITICAL] 3067943296 3044411240 626068782 2171490227 2023560278 3198320411 3545763005 694210591
2892449009 "HVKJWQH16QFC4E5QDHFN" 34 [321 CRITICAL] 555814218 2369105398
4269337620 "NXJ6Q64NYCU2QX4S66RB" 9 [355 CRITICAL] 2539862819 1040955109 131328008 3421478959 3796929552 2892449009 4068652349 2310506181
4212004694 "JVZLMB0KRAGDG9HUBSMG" 10 [364 CRITICAL] 3067943296 2205432356 555814218 3331382669 4269337620 694210591
1700861300 "J085R38V7LFHT7AFL91R" 32 [374 CRITICAL] 4212004694 4185097958 1370312719 2369105398 1332679864 3917089754 3545763005 1040955109
1180076765 "D8IU0AL8VM4IZVHCGOSY" 34 [406 CRITICAL] 2539862819 2369105398 2482463888 2023560278 1700861300 4270526358 3742618552 2665553180 4068652349 2310506181
3977612082 "5YR5TBU98J05VKYUT7BP" 12 [440 CRITICAL] 286875431 3331382669 2373203549 3802404560 2369105398 1310890777 2665553180 1180076765
4227416068 "EAHOTOJRQCA2NU3DSE6F" 22 [452 CRITICAL] 2308931073 1374073498 3977612082 3288836209 2498171058 3917089754 76823741
3331137969 "N35037XQW4MPVG2QER9U" 35 [474 CRITICAL] 2819439664 4227416068 2950073957 2342298087 1305786416 3157962641 1947784181 1310890777 2665553180
990009687 "8F8I704CYO6VLDPGLWNS" 15 [509 CRITICAL] 3331137969 2308931073 626068782 565932751
4123289635 "VUBMB2104DHV7Z1MVBRW" 11 [524 CRITICAL] 3487955910 3812954182 1439362471 649577775 1450141621 990009687 307023867
3900341565 "2ZJ1ZKAI790VXEYORZ8D" 34 [535 CRITICAL] 2196728960 4123289635 577113326 356561607
3086661111 "QCO6GWT16QTZYVG6UR0X" 36 [569 CRITICAL] 1041039424 1843526720 3044411240 3900341565 565932751 3069777042 1450141621 2665553180 3545763005
309032000 "MFYHS414L0RO4Q0ABET9" 24 [605 CRITICAL] 1309663937 4068474114 2310506181 286875431 1344216269 2887502095 3086661111 2373203549 1535327935
1218572433 "I43OZZU49S8LM2MH4D01" 14 [629 CRITICAL] 309032000 2196728960 633191618 2205432356 4010728683 2665553180
711209930 "ZDEACBLX6OU6JOM1OVHK" 17 [643 CRITICAL] 2308931073 1865440362 1230290891 3503564748 3814365520 1218572433 2810871831 506649054 816592447
2618011548 "AM7SENYCWR0KURY0TP81" 37 [660 CRITICAL] 633191618 711209930 2871117259 2819439664 2498171058 3929152921 911721850 1180076765
1082723999 "KH5EC7UVDTZ85SHM4EQ8" 37 [697 CRITICAL] 2751150818 681100707 1226662214 1388094855 177280200 3503564748 785041715 2249361465 2618011548 3598765470
138623306 "K8KYJ52D2LQ3BLA89ILD" 10 [734 CRITICAL] 3067943296 4068474114 15759238 1750562703 3802404560 1649484856 136739674 1374073498 1082723999
1548288469 "6W73JBUNDCZBWLEQQ8AP" 24 [744 CRITICAL] 138623306
191563473 "7DYTYK7H3132DYZBCBTR" 19 [768 CRITICAL] 300210464 767235779 1548288469 2171490227 3069889669
505739486 "XJNKWRN0LPUMDLNVH7HY" 40 [787 CRITICAL] 3762462800 191563473
1981342763 "03UC84QNGW76FBGEHZET" 9 [827 CRITICAL] 1837698182 57365965 3286395057 3977612082 785041715 505739486
1911954233 "J6FVE4Z07W3RCH7E201Y" 33 [836 CRITICAL] 740066532 762038087 4056683369 1981342763 95649932 2966394445 3796929552 1086009843
1799806336 "WSJUOQO3KG48RC4A8W07" 1 [869 CRITICAL] 1902977824 1390395461 211567890 2769251885 3004730322 1911954233 2887502095
1652579771 "SO1I3CURALVXPCJQ7238" 39 [870 CRITICAL] 1799806336 3301076901 2207978918 3107057578 3440629196 3768138070 3711083576 2284678457 3566668730
1130069693 "F3EVTVLFJ1W2WFFUXBYE" 25 [909 CRITICAL] 2916086360 1566082642 1652579771 2364049006
274177153 "ZTMQF260S506RYF4DI3K" 23 [934 CRITICAL] 2207978918 3838376167 1130069693 3837200758 2682853401 3149840797
3259991375 "8GK1FBPQ31QMMVW32Z5Q" 4 [957 CRITICAL] 3762462800 3882204616 965631904 4222339470 274177153
241768089 "URRWB5RU50IWWM7HIH8Y" 16 [961 CRITICAL] 3219173096 821287778 3577826564 1190751573 3259991375
3360955456 "TJPUV5O0CUU0CB2BAXDC" 33 [977 CRITICAL] 1001379905 1065151793 1531757704 4275458256 1626818865 937957906 241768089 589128409 2910105180
3892894264 "UOI6XARI85MY5KOXILP0" 35 [1010 CRITICAL] 3360955456 423281570 4056683369 3084393674 3742290543 4001231094 273928503 1574225465
project duration = 1045
769073580: 187842401 2525986469 1193346451 885338956 1280161436 3749737916 1696626441
task with dependencies
1441477508: 976285319 195182303 2511593589 762038087 4112938532 4043524672 3142211152 3842132499
1374073498 "39U55PKVI12QDQRMT6ZV" 27 [0 CRITICAL]
2310506181 "7ZXTMKE77P1NIIX65R2X" 35 [27 CRITICAL] 1374073498
2171490227 "SRKVLHNFA3VBD8Z0BL1M" 35 [62 CRITICAL] 1374073498 2310506181
3742618552 "BKB9UWRO4VCKXV78WZR3" 6 [97 CRITICAL] 3948125241 2171490227
1305786416 "436GLU0E19Q6EOLO82T8" 21 [103 CRITICAL] 3742618552 1374073498 2171490227 2310506181
3198320411 "0MPZC8UNFXHINJTRNOK5" 27 [124 CRITICAL] 2470940192 2310506181 1305786416 2171490227 3742618552 1374073498
131328008 "W94CRKRG51SGSJQHQ6N4" 40 [151 CRITICAL] 2470940192 1305786416 2171490227 3948125241 1374073498 3198320411
2373203549 "I8ATL3CPG351G9X5NMWR" 40 [151 CRITICAL] 2310506181 626068782 1305786416 3742618552 3948125241 3198320411
3917089754 "9584RSNIHGRD4CMF2UPG" 20 [191 CRITICAL] 3067943296 2205432356 2310506181 131328008 2912407691 1374073498 3198320411 2373203549
3331382669 "C4WVN1SAJW1QAVUDYPA8" 35 [211 CRITICAL] 3917089754
3545763005 "DYW8SCLIN51KBI6JBDFJ" 36 [246 CRITICAL] 2205432356 2310506181 3331382669 1305786416 2171490227 2534584278
3044411240 "V5XUJQKUPE7J2SSMSH3Q" 18 [282 CRITICAL] 3948125241 3421478959 4035138313 3545763005 4068652349
555814218 "1IZEK69DY84NETKYTN59" 21 [300 CRITICAL] 3067943296 3044411240 626068782 2171490227 2023560278 3198320411 3545763005 694210591
2892449009 "HVKJWQH16QFC4E5QDHFN" 34 [321 CRITICAL] 555814218 2369105398
4269337620 "NXJ6Q64NYCU2QX4S66RB" 9 [355 CRITICAL] 2539862819 1040955109 131328008 3421478959 3796929552 2892449009 4068652349 2310506181
4212004694 "JVZLMB0KRAGDG9HUBSMG" 10 [364 CRITICAL] 3067943296 2205432356 555814218 3331382669 4269337620 694210591
1700861300 "J085R38V7LFHT7AFL91R" 32 [374 CRITICAL] 4212004694 4185097958 1370312719 2369105398 1332679864 3917089754 3545763005 1040955109
1180076765 "D8IU0AL8VM4IZVHCGOSY" 34 [406 CRITICAL] 2539862819 2369105398 2482463888 2023560278 1700861300 4270526358 3742618552 2665553180 4068652349 2310506181
3977612082 "5YR5TBU98J05VKYUT7BP" 12 [440 CRITICAL] 286875431 3331382669 2373203549 3802404560 2369105398 1310890777 2665553180 1180076765
4227416068 "EAHOTOJRQCA2NU3DSE6F" 22 [452 CRITICAL] 2308931073 1374073498 3977612082 3288836209 2498171058 3917089754 76823741
3331137969 "N35037XQW4MPVG2QER9U" 35 [474 CRITICAL] 2819439664 4227416068 2950073957 2342298087 1305786416 3157962641 1947784181 1310890777 2665553180
990009687 "8F8I704CYO6VLDPGLWNS" 15 [509 CRITICAL] 3331137969 2308931073 626068782 565932751
4123289635 "VUBMB2104DHV7Z1MVBRW" 11 [524 CRITICAL] 3487955910 3812954182 1439362471 649577775 1450141621 990009687 307023867
3900341565 "2ZJ1ZKAI790VXEYORZ8D" 34 [535 CRITICAL] 2196728960 4123289635 577113326 356561607
3086661111 "QCO6GWT16QTZYVG6UR0X" 36 [569 CRITICAL] 1041039424 1843526720 3044411240 3900341565 565932751 3069777042 1450141621 2665553180 3545763005
516752247 "R9HASTJZAJ6W6WR132EG" 1 [605 CRITICAL] 2449418342 3321683592 3267434318 1393972309 3086661111 1374073498 2669878078
1205568943 "J2YA1KJ949FQPUEUG0UN" 1 [606 CRITICAL] 4035138313 1989862443 449204183 516752247 1377090201 3545763005
309032000 "MFYHS414L0RO4Q0ABET9" 24 [605 CRITICAL] 1309663937 4068474114 2310506181 286875431 1344216269 2887502095 3086661111 2373203549 1535327935
1218572433 "I43OZZU49S8LM2MH4D01" 14 [629 CRITICAL] 309032000 2196728960 633191618 2205432356 4010728683 2665553180
3503564748 "VAYI6H17FOLV4MEYJ6O2" 31 [607 CRITICAL] 2308931073 4132613540 1865440362 1230290891 1533995698 1205568943 1805952369 1750562703 3566668730 307023867
1649012077 "BIX7JYND2CMFIY2KOKII" 13 [638 CRITICAL] 2196728960 1989862443 3503564748 3421478959 2892449009 3694708146 2058288025 694210591
711209930 "ZDEACBLX6OU6JOM1OVHK" 17 [643 CRITICAL] 2308931073 1865440362 1230290891 3503564748 3814365520 1218572433 2810871831 506649054 816592447
2601778537 "4YPAFOWCPP0BDWHU04Z1" 33 [651 CRITICAL] 985537895 1439362471 131328008 2162057545 3030921047 2883704652 1649012077 2482463888 4212004694 453136265
2618011548 "AM7SENYCWR0KURY0TP81" 37 [660 CRITICAL] 633191618 711209930 2871117259 2819439664 2498171058 3929152921 911721850 1180076765
3157040075 "QV0N3EF6HXNH1LJY8PF7" 17 [684 CRITICAL] 3506338721 4132613540 2601778537 204348522 1989862443 1750562703 3374161974 40116569 2373203549
1082723999 "KH5EC7UVDTZ85SHM4EQ8" 37 [697 CRITICAL] 2751150818 681100707 1226662214 1388094855 177280200 3503564748 785041715 2249361465 2618011548 3598765470
1611147190 "6UMF74ZMTXNGC7MXJUQQ" 17 [701 CRITICAL] 1843526720 3977612082 3157040075 2912407691 604892231
1159022333 "RKJ1LC75QXPPK8P2YA6L" 23 [718 CRITICAL] 309032000 2810871831 2021511247 2666539218 1611147190 3030921047 3917089754 3598765470
2964624857 "SCPOB8FTY9WQDZQ611Q5" 23 [741 CRITICAL] 3881030539 3456941316 492769670 346636166 3632389225 1898793643 1649012077 1450141621 2513223718 1159022333
2212022821 "2IHNOIPQE6FCSYOPUU8B" 15 [764 CRITICAL] 298190081 3321683592 649577775 3288836209 211567890 2964624857 4090918811
138623306 "K8KYJ52D2LQ3BLA89ILD" 10 [734 CRITICAL] 3067943296 4068474114 15759238 1750562703 3802404560 1649484856 136739674 1374073498 1082723999
2985375125 "DE43CIBLHOJQLX2VJZ1M" 34 [779 CRITICAL] 1975530848 2615727906 4116744804 2449418342 1226662214 2876114386 522490511 2221502290 273158263 2212022821
1548288469 "6W73JBUNDCZBWLEQQ8AP" 24 [744 CRITICAL] 138623306
2496832864 "V3CRT9QZLBKZOXESQUEZ" 36 [813 CRITICAL] 633191618 3201175401 2769251885 3267434318 3761486319 2985375125 1532673117 188665855
191563473 "7DYTYK7H3132DYZBCBTR" 19 [768 CRITICAL] 300210464 767235779 1548288469 2171490227 3069889669
505739486 "XJNKWRN0LPUMDLNVH7HY" 40 [787 CRITICAL] 3762462800 191563473
1981342763 "03UC84QNGW76FBGEHZET" 9 [827 CRITICAL] 1837698182 57365965 3286395057 3977612082 785041715 505739486
1911954233 "J6FVE4Z07W3RCH7E201Y" 33 [836 CRITICAL] 740066532 762038087 4056683369 1981342763 95649932 2966394445 3796929552 1086009843
4265603622 "UC606GP0QSAAIUWDPU9M" 39 [849 CRITICAL] 2496832864 762038087 1798290188 1182203662 3004730322 4082650933 2206829494 970407257
1799806336 "WSJUOQO3KG48RC4A8W07" 1 [869 CRITICAL] 1902977824 1390395461 211567890 2769251885 3004730322 1911954233 2887502095
999030989 "DYZ8N6UNU8047D3TVHOH" 40 [888 CRITICAL] 3116432272 4265603622 1837698182 577113326 318317232 2240907251 15759238 2632514363 3133999422
2167981377 "F3LDN2UDS9JEGAUUO3HJ" 25 [928 CRITICAL] 3289909319 1230290891 999030989 2731909710 176024178 1007203032 3442635481 2173414939
1652579771 "SO1I3CURALVXPCJQ7238" 39 [870 CRITICAL] 1799806336 3301076901 2207978918 3107057578 3440629196 3768138070 3711083576 2284678457 3566668730
2475725147 "PDLIG5TL086HL8HK5U5M" 36 [953 CRITICAL] 2618788384 2167981377 2023741157 3995207566 3373682800 185525169 4129284437 787989526 1082854136
1130069693 "F3EVTVLFJ1W2WFFUXBYE" 25 [909 CRITICAL] 2916086360 1566082642 1652579771 2364049006
274177153 "ZTMQF260S506RYF4DI3K" 23 [934 CRITICAL] 2207978918 3838376167 1130069693 3837200758 2682853401 3149840797
3259991375 "8GK1FBPQ31QMMVW32Z5Q" 4 [957 CRITICAL] 3762462800 3882204616 965631904 4222339470 274177153
3674636041 "RLAQT1HVF9UEFTHM2E8T" 5 [989 CRITICAL] 1975530848 3985139808 2883704652 843604269 1475862161 3442635481 2475725147 2326956573 2770921343
241768089 "URRWB5RU50IWWM7HIH8Y" 16 [961 CRITICAL] 3219173096 821287778 3577826564 1190751573 3259991375
3360955456 "TJPUV5O0CUU0CB2BAXDC" 33 [977 CRITICAL] 1001379905 1065151793 1531757704 4275458256 1626818865 937957906 241768089 589128409 2910105180
610362715 "4JDNUR6DTMJSKJ9STX38" 30 [994 CRITICAL] 3417778640 335964228 855638604 3674636041 3298688023
3892894264 "UOI6XARI85MY5KOXILP0" 35 [1010 CRITICAL] 3360955456 423281570 4056683369 3084393674 3742290543 4001231094 273928503 1574225465
1232414781 "W0AQ9RZADT0J3JBVRV0V" 6 [1024 CRITICAL] 3198320411 1390395461 2207978918 2829584809 3738616010 4270526358 298668183 610362715 2240863455
3413083073 "LVRO0U5TTGV5X23BH73M" 23 [1030 CRITICAL] 2197382464 2525986469 610440424 3777545226 3331382669 3814365520 2065429782 1906565303 1232414781
925976029 "S0L37IWSKDLAWQDLFD08" 34 [1053 CRITICAL] 1579204224 3413083073 3563076874 3099308587 2534584278 3892894264 911721850 3545763005
3882206475 "B8SGOAPNU9V554E93ZQ2" 34 [1087 CRITICAL] 82038083 1989519110 1482706450 1591167156 1190751573 4294561910 3750666904 1854234489 1374073498 925976029
1349691913 "89XXTEXHC47H9428TWOI" 40 [1121 CRITICAL] 1348979904 1520758313 3882206475 2810858094 3953830418 264526747
2523707469 "R6CIVMCWZGRUKYRAKT2L" 35 [1161 CRITICAL] 1349691913 2842613284 3621036517
847169594 "A172WJ72Q2HKDMWW08XL" 39 [1196 CRITICAL] 2496832864 1675936677 3980346888 1225662604 1811159725 2523707469 363234385 449204183 4208684027 3778941693
1934284269 "F6KK4DPGZ2F35XS9DS0T" 35 [1235 CRITICAL] 3326662978 412651739 847169594
project duration = 1270
