malloc hash
malloc task
malloc desc
malloc node
insert hashmalloc node
malloc node
malloc task
malloc desc
malloc node
insert hashmalloc node
malloc node
malloc task
malloc desc
malloc node
insert hashmalloc node
malloc node
malloc task
malloc desc
malloc node
insert hashmalloc node
malloc node
malloc node
malloc task
malloc desc
malloc node
insert hashmalloc node
malloc node
malloc node
malloc task
malloc desc
malloc node
insert hashmalloc node
deleteTask
free node hash
free node
free node
free desc
free task
free node
deleteTask
free node hash
free node
free desc
free task
free node
8391 "task 1" 4
8476 "task 2" 3 8391
3390 "task 3" 8 8391
897 "task 5" 9 8476 3390
deleteTask
free node hash
free desc
free task
free node
deleteTask
free node hash
free node
free desc
free task
free node
deleteTask
free node hash
free node
free desc
free task
free node
deleteTask
free node hash
free node
free node
free desc
free task
free node
free hash
